Using pre-set license

 COMMAND LINE ARGUMENTS:
/Applications/Unity2020.2.3f1/Unity.app/Contents/MacOS/Unity
-adb2
-batchMode
-noUpm
-name
AssetImportWorker1
-projectPath
/Volumes/Mac HD 1T/Unity/Curso CFTIC - Juegos/97-Castillo-PrimerProyecto
-logFile
Logs/AssetImportWorker1.log
-srvPort
50838
Successfully changed project path to: /Volumes/Mac HD 1T/Unity/Curso CFTIC - Juegos/97-Castillo-PrimerProyecto
/Volumes/Mac HD 1T/Unity/Curso CFTIC - Juegos/97-Castillo-PrimerProyecto
Using Asset Import Pipeline V2.
Refreshing native plugins compatible for Editor in 393.88 ms, found 1 plugins.
Preloading 0 native plugins for Editor in 0.00 ms.
Initialize engine version: 2020.2.3f1 (8ff31bc5bf5b)
[Subsystems] Discovering subsystems at path /Applications/Unity2020.2.3f1/Unity.app/Contents/Resources/UnitySubsystems
[Subsystems] Discovering subsystems at path /Volumes/Mac HD 1T/Unity/Curso CFTIC - Juegos/97-Castillo-PrimerProyecto/Assets
GfxDevice: creating device client; threaded=0
Renderer: NVIDIA GeForce 9400M OpenGL Engine
Vendor:   NVIDIA Corporation
Version:  3.3 NVIDIA-10.4.14 310.90.30.05b27
GLES:     0
 GL_ARB_blend_func_extended GL_ARB_ES2_compatibility GL_ARB_explicit_attrib_location GL_ARB_instanced_arrays GL_ARB_internalformat_query GL_ARB_occlusion_query2 GL_ARB_sampler_objects GL_ARB_separate_shader_objects GL_ARB_shader_bit_encoding GL_ARB_shading_language_include GL_ARB_texture_rgb10_a2ui GL_ARB_texture_storage GL_ARB_texture_swizzle GL_ARB_timer_query GL_ARB_vertex_type_2_10_10_10_rev GL_ARB_viewport_array GL_EXT_debug_label GL_EXT_debug_marker GL_EXT_depth_bounds_test GL_EXT_framebuffer_multisample_blit_scaled GL_EXT_texture_compression_s3tc GL_EXT_texture_filter_anisotropic GL_EXT_texture_mirror_clamp GL_EXT_texture_sRGB_decode GL_APPLE_client_storage GL_APPLE_container_object_shareable GL_APPLE_flush_render GL_APPLE_object_purgeable GL_APPLE_rgb_422 GL_APPLE_row_bytes GL_APPLE_texture_range GL_ATI_texture_mirror_once GL_NV_texture_barrier
OPENGL LOG: Creating OpenGL 3.3 graphics device ; Context level  <OpenGL 3.3> ; Context handle -536032768
Initialize mono
Mono path[0] = '/Applications/Unity2020.2.3f1/Unity.app/Contents/Managed'
Mono path[1] = '/Applications/Unity2020.2.3f1/Unity.app/Contents/MonoBleedingEdge/lib/mono/unityjit'
Mono config path = '/Applications/Unity2020.2.3f1/Unity.app/Contents/MonoBleedingEdge/etc'
Using monoOptions --debugger-agent=transport=dt_socket,embedding=1,server=y,suspend=n,address=127.0.0.1:56263
Begin MonoManager ReloadAssembly
Registering precompiled unity dll's ...
Register platform support module: /Applications/Unity2020.2.3f1/Unity.app/Contents/PlaybackEngines/MacStandaloneSupport/UnityEditor.OSXStandalone.Extensions.dll
Registered in 0.003336 seconds.
Native extension for OSXStandalone target not found
Refreshing native plugins compatible for Editor in 157.45 ms, found 1 plugins.
Preloading 0 native plugins for Editor in 0.00 ms.
Invoked RoslynAnalysisRunner static constructor.
RoslynAnalysisRunner will not be running.
RoslynAnalysisRunner has terminated.
Mono: successfully reloaded assembly
- Completed reload, in  5.506 seconds
Platform modules already initialized, skipping
Registering precompiled user dll's ...
Registered in 0.056643 seconds.
Begin MonoManager ReloadAssembly
Native extension for OSXStandalone target not found
Refreshing native plugins compatible for Editor in 1.64 ms, found 1 plugins.
Preloading 0 native plugins for Editor in 0.00 ms.
Invoked RoslynAnalysisRunner static constructor.
RoslynAnalysisRunner will not be running.
RoslynAnalysisRunner has terminated.
Mono: successfully reloaded assembly
- Completed reload, in  3.159 seconds
Platform modules already initialized, skipping
========================================================================
Worker process is ready to serve import requests
Launching external process: /Applications/Unity2020.2.3f1/Unity.app/Contents/Tools/UnityShaderCompiler
Launched and connected shader compiler UnityShaderCompiler after 0.23 seconds
Refreshing native plugins compatible for Editor in 1.48 ms, found 1 plugins.
Preloading 0 native plugins for Editor in 0.00 ms.
Unloading 1709 Unused Serialized files (Serialized files now loaded: 0)
System memory in use before: 172.3 MB.
System memory in use after: 170.8 MB.

Unloading 41 unused Assets to reduce memory usage. Loaded Objects now: 2177.
Total: 9.254491 ms (FindLiveObjects: 0.541518 ms CreateObjectMapping: 0.122935 ms MarkObjects: 3.979331 ms  DeleteObjects: 4.608234 ms)

========================================================================
Received Import Request.
  path: Assets/_GameAssets/Material/Municion.mat
  artifactKey: Guid(0008144b670f94a4496bfb7abffc5e74) Importer(815301076,1909f56bfc062723c751e8b465ee728b)
Start importing Assets/_GameAssets/Material/Municion.mat using Guid(0008144b670f94a4496bfb7abffc5e74) Importer(815301076,1909f56bfc062723c751e8b465ee728b)  -> (artifact id: '39a51ef62216e47490369318e648925c') in 1.628351 seconds
  Import took 1.636156 seconds .

========================================================================
Received Import Request.
  Time since last request: 60.291200 seconds.
  path: Assets/_GameAssets/Scripts/UI/HUDScript.cs
  artifactKey: Guid(3c446455cfa5d7f4c96f300a9477dda1) Importer(815301076,1909f56bfc062723c751e8b465ee728b)
Start importing Assets/_GameAssets/Scripts/UI/HUDScript.cs using Guid(3c446455cfa5d7f4c96f300a9477dda1) Importer(815301076,1909f56bfc062723c751e8b465ee728b)  -> (artifact id: '1a9abf007b1bfa6dd368fe759b60a576') in 1.067894 seconds
  Import took 1.078523 seconds .

========================================================================
Received Import Request.
  Time since last request: 16.635520 seconds.
  path: Assets/_GameAssets/Scripts/UI/UIScript.cs
  artifactKey: Guid(f47078117161778449604439392c5368) Importer(815301076,1909f56bfc062723c751e8b465ee728b)
Start importing Assets/_GameAssets/Scripts/UI/UIScript.cs using Guid(f47078117161778449604439392c5368) Importer(815301076,1909f56bfc062723c751e8b465ee728b)  -> (artifact id: '80c9881132b80ea7fdf8558885197066') in 0.037706 seconds
  Import took 0.044922 seconds .

